
*** Running vivado
    with args -log lab8.vds -m64 -product Vivado -mode batch -messageDb vivado.pb -notrace -source lab8.tcl


****** Vivado v2018.2 (64-bit)
  **** SW Build 2258646 on Thu Jun 14 20:03:12 MDT 2018
  **** IP Build 2256618 on Thu Jun 14 22:10:49 MDT 2018
    ** Copyright 1986-2018 Xilinx, Inc. All Rights Reserved.

source lab8.tcl -notrace
Command: synth_design -top lab8 -part xc7a100tcsg324-1
Starting synth_design
Attempting to get a license for feature 'Synthesis' and/or device 'xc7a100t'
INFO: [Common 17-349] Got license for feature 'Synthesis' and/or device 'xc7a100t'
INFO: Launching helper process for spawning children vivado processes
INFO: Helper process launched with PID 1208 
---------------------------------------------------------------------------------
Starting RTL Elaboration : Time (s): cpu = 00:00:01 ; elapsed = 00:00:02 . Memory (MB): peak = 382.789 ; gain = 98.492
---------------------------------------------------------------------------------
INFO: [Synth 8-6157] synthesizing module 'lab8' [D:/Documents/UET Courses/4th semester/Digital Design/Lab/Lab 8/lab8.sv:11]
INFO: [Synth 8-6157] synthesizing module 'DFF' [D:/Documents/UET Courses/4th semester/Digital Design/Lab/Lab 8/lab8.sv:1]
INFO: [Synth 8-6155] done synthesizing module 'DFF' (1#1) [D:/Documents/UET Courses/4th semester/Digital Design/Lab/Lab 8/lab8.sv:1]
INFO: [Synth 8-226] default block is never used [D:/Documents/UET Courses/4th semester/Digital Design/Lab/Lab 8/lab8.sv:141]
INFO: [Synth 8-6155] done synthesizing module 'lab8' (2#1) [D:/Documents/UET Courses/4th semester/Digital Design/Lab/Lab 8/lab8.sv:11]
---------------------------------------------------------------------------------
Finished RTL Elaboration : Time (s): cpu = 00:00:02 ; elapsed = 00:00:03 . Memory (MB): peak = 438.297 ; gain = 154.000
---------------------------------------------------------------------------------

Report Check Netlist: 
+------+------------------+-------+---------+-------+------------------+
|      |Item              |Errors |Warnings |Status |Description       |
+------+------------------+-------+---------+-------+------------------+
|1     |multi_driven_nets |      0|        0|Passed |Multi driven nets |
+------+------------------+-------+---------+-------+------------------+
---------------------------------------------------------------------------------
Start Handling Custom Attributes
---------------------------------------------------------------------------------
---------------------------------------------------------------------------------
Finished Handling Custom Attributes : Time (s): cpu = 00:00:02 ; elapsed = 00:00:03 . Memory (MB): peak = 438.297 ; gain = 154.000
---------------------------------------------------------------------------------
---------------------------------------------------------------------------------
Finished RTL Optimization Phase 1 : Time (s): cpu = 00:00:02 ; elapsed = 00:00:03 . Memory (MB): peak = 438.297 ; gain = 154.000
---------------------------------------------------------------------------------
INFO: [Device 21-403] Loading part xc7a100tcsg324-1
INFO: [Project 1-570] Preparing netlist for logic optimization

Processing XDC Constraints
Initializing timing engine
Parsing XDC File [D:/Documents/UET Courses/4th semester/Digital Design/Lab/Lab 8/lab8_viv/lab8_viv.srcs/constrs_1/new/lab8.xdc]
Finished Parsing XDC File [D:/Documents/UET Courses/4th semester/Digital Design/Lab/Lab 8/lab8_viv/lab8_viv.srcs/constrs_1/new/lab8.xdc]
INFO: [Project 1-236] Implementation specific constraints were found while reading constraint file [D:/Documents/UET Courses/4th semester/Digital Design/Lab/Lab 8/lab8_viv/lab8_viv.srcs/constrs_1/new/lab8.xdc]. These constraints will be ignored for synthesis but will be used in implementation. Impacted constraints are listed in the file [.Xil/lab8_propImpl.xdc].
Resolution: To avoid this warning, move constraints listed in [.Xil/lab8_propImpl.xdc] to another XDC file and exclude this new file from synthesis with the used_in_synthesis property (File Properties dialog in GUI) and re-run elaboration/synthesis.
Completed Processing XDC Constraints

INFO: [Project 1-111] Unisim Transformation Summary:
No Unisim elements were transformed.

Constraint Validation Runtime : Time (s): cpu = 00:00:00 ; elapsed = 00:00:00.002 . Memory (MB): peak = 814.246 ; gain = 0.000
---------------------------------------------------------------------------------
Finished Constraint Validation : Time (s): cpu = 00:00:24 ; elapsed = 00:00:27 . Memory (MB): peak = 814.246 ; gain = 529.949
---------------------------------------------------------------------------------
---------------------------------------------------------------------------------
Start Loading Part and Timing Information
---------------------------------------------------------------------------------
Loading part: xc7a100tcsg324-1
---------------------------------------------------------------------------------
Finished Loading Part and Timing Information : Time (s): cpu = 00:00:24 ; elapsed = 00:00:27 . Memory (MB): peak = 814.246 ; gain = 529.949
---------------------------------------------------------------------------------
---------------------------------------------------------------------------------
Start Applying 'set_property' XDC Constraints
---------------------------------------------------------------------------------
---------------------------------------------------------------------------------
Finished applying 'set_property' XDC Constraints : Time (s): cpu = 00:00:24 ; elapsed = 00:00:27 . Memory (MB): peak = 814.246 ; gain = 529.949
---------------------------------------------------------------------------------
---------------------------------------------------------------------------------
Finished RTL Optimization Phase 2 : Time (s): cpu = 00:00:24 ; elapsed = 00:00:28 . Memory (MB): peak = 814.246 ; gain = 529.949
---------------------------------------------------------------------------------

Report RTL Partitions: 
+-+--------------+------------+----------+
| |RTL Partition |Replication |Instances |
+-+--------------+------------+----------+
+-+--------------+------------+----------+
---------------------------------------------------------------------------------
Start RTL Component Statistics 
---------------------------------------------------------------------------------
Detailed RTL Component Info : 
+---Registers : 
	                4 Bit    Registers := 32    
	                1 Bit    Registers := 28    
+---Muxes : 
	   2 Input      8 Bit        Muxes := 1     
	   8 Input      8 Bit        Muxes := 1     
	   2 Input      4 Bit        Muxes := 33    
	  16 Input      1 Bit        Muxes := 16    
---------------------------------------------------------------------------------
Finished RTL Component Statistics 
---------------------------------------------------------------------------------
---------------------------------------------------------------------------------
Start RTL Hierarchical Component Statistics 
---------------------------------------------------------------------------------
Hierarchical RTL Component report 
Module lab8 
Detailed RTL Component Info : 
+---Registers : 
	                4 Bit    Registers := 32    
+---Muxes : 
	   2 Input      8 Bit        Muxes := 1     
	   8 Input      8 Bit        Muxes := 1     
	   2 Input      4 Bit        Muxes := 33    
	  16 Input      1 Bit        Muxes := 16    
Module DFF 
Detailed RTL Component Info : 
+---Registers : 
	                1 Bit    Registers := 1     
---------------------------------------------------------------------------------
Finished RTL Hierarchical Component Statistics
---------------------------------------------------------------------------------
---------------------------------------------------------------------------------
Start Part Resource Summary
---------------------------------------------------------------------------------
Part Resources:
DSPs: 240 (col length:80)
BRAMs: 270 (col length: RAMB18 80 RAMB36 40)
---------------------------------------------------------------------------------
Finished Part Resource Summary
---------------------------------------------------------------------------------
---------------------------------------------------------------------------------
Start Cross Boundary and Area Optimization
---------------------------------------------------------------------------------
Warning: Parallel synthesis criteria is not met 
INFO: [Synth 8-5544] ROM "p_2_out0" won't be mapped to Block RAM because address size (3) smaller than threshold (5)
---------------------------------------------------------------------------------
Finished Cross Boundary and Area Optimization : Time (s): cpu = 00:00:25 ; elapsed = 00:00:28 . Memory (MB): peak = 814.246 ; gain = 529.949
---------------------------------------------------------------------------------

Report RTL Partitions: 
+-+--------------+------------+----------+
| |RTL Partition |Replication |Instances |
+-+--------------+------------+----------+
+-+--------------+------------+----------+
---------------------------------------------------------------------------------
Start Applying XDC Timing Constraints
---------------------------------------------------------------------------------
---------------------------------------------------------------------------------
Finished Applying XDC Timing Constraints : Time (s): cpu = 00:00:31 ; elapsed = 00:00:35 . Memory (MB): peak = 814.246 ; gain = 529.949
---------------------------------------------------------------------------------
---------------------------------------------------------------------------------
Start Timing Optimization
---------------------------------------------------------------------------------
---------------------------------------------------------------------------------
Finished Timing Optimization : Time (s): cpu = 00:00:31 ; elapsed = 00:00:35 . Memory (MB): peak = 814.246 ; gain = 529.949
---------------------------------------------------------------------------------

Report RTL Partitions: 
+-+--------------+------------+----------+
| |RTL Partition |Replication |Instances |
+-+--------------+------------+----------+
+-+--------------+------------+----------+
---------------------------------------------------------------------------------
Start Technology Mapping
---------------------------------------------------------------------------------
---------------------------------------------------------------------------------
Finished Technology Mapping : Time (s): cpu = 00:00:31 ; elapsed = 00:00:35 . Memory (MB): peak = 814.246 ; gain = 529.949
---------------------------------------------------------------------------------

Report RTL Partitions: 
+-+--------------+------------+----------+
| |RTL Partition |Replication |Instances |
+-+--------------+------------+----------+
+-+--------------+------------+----------+
---------------------------------------------------------------------------------
Start IO Insertion
---------------------------------------------------------------------------------
---------------------------------------------------------------------------------
Start Flattening Before IO Insertion
---------------------------------------------------------------------------------
---------------------------------------------------------------------------------
Finished Flattening Before IO Insertion
---------------------------------------------------------------------------------
---------------------------------------------------------------------------------
Start Final Netlist Cleanup
---------------------------------------------------------------------------------
---------------------------------------------------------------------------------
Finished Final Netlist Cleanup
---------------------------------------------------------------------------------
---------------------------------------------------------------------------------
Finished IO Insertion : Time (s): cpu = 00:00:32 ; elapsed = 00:00:36 . Memory (MB): peak = 814.246 ; gain = 529.949
---------------------------------------------------------------------------------

Report Check Netlist: 
+------+------------------+-------+---------+-------+------------------+
|      |Item              |Errors |Warnings |Status |Description       |
+------+------------------+-------+---------+-------+------------------+
|1     |multi_driven_nets |      0|        0|Passed |Multi driven nets |
+------+------------------+-------+---------+-------+------------------+
---------------------------------------------------------------------------------
Start Renaming Generated Instances
---------------------------------------------------------------------------------
---------------------------------------------------------------------------------
Finished Renaming Generated Instances : Time (s): cpu = 00:00:32 ; elapsed = 00:00:36 . Memory (MB): peak = 814.246 ; gain = 529.949
---------------------------------------------------------------------------------

Report RTL Partitions: 
+-+--------------+------------+----------+
| |RTL Partition |Replication |Instances |
+-+--------------+------------+----------+
+-+--------------+------------+----------+
---------------------------------------------------------------------------------
Start Rebuilding User Hierarchy
---------------------------------------------------------------------------------
---------------------------------------------------------------------------------
Finished Rebuilding User Hierarchy : Time (s): cpu = 00:00:32 ; elapsed = 00:00:36 . Memory (MB): peak = 814.246 ; gain = 529.949
---------------------------------------------------------------------------------
---------------------------------------------------------------------------------
Start Renaming Generated Ports
---------------------------------------------------------------------------------
---------------------------------------------------------------------------------
Finished Renaming Generated Ports : Time (s): cpu = 00:00:32 ; elapsed = 00:00:36 . Memory (MB): peak = 814.246 ; gain = 529.949
---------------------------------------------------------------------------------
---------------------------------------------------------------------------------
Start Handling Custom Attributes
---------------------------------------------------------------------------------
---------------------------------------------------------------------------------
Finished Handling Custom Attributes : Time (s): cpu = 00:00:32 ; elapsed = 00:00:36 . Memory (MB): peak = 814.246 ; gain = 529.949
---------------------------------------------------------------------------------
---------------------------------------------------------------------------------
Start Renaming Generated Nets
---------------------------------------------------------------------------------
---------------------------------------------------------------------------------
Finished Renaming Generated Nets : Time (s): cpu = 00:00:32 ; elapsed = 00:00:36 . Memory (MB): peak = 814.246 ; gain = 529.949
---------------------------------------------------------------------------------
---------------------------------------------------------------------------------
Start Writing Synthesis Report
---------------------------------------------------------------------------------

Report BlackBoxes: 
+-+--------------+----------+
| |BlackBox name |Instances |
+-+--------------+----------+
+-+--------------+----------+

Report Cell Usage: 
+------+------+------+
|      |Cell  |Count |
+------+------+------+
|1     |BUFG  |     2|
|2     |LUT1  |    28|
|3     |LUT4  |     8|
|4     |LUT5  |    87|
|5     |LUT6  |     8|
|6     |MUXF7 |     4|
|7     |FDCE  |    28|
|8     |FDPE  |    64|
|9     |FDRE  |    64|
|10    |IBUF  |    12|
|11    |OBUF  |    15|
+------+------+------+

Report Instance Areas: 
+------+---------------------+-------+------+
|      |Instance             |Module |Cells |
+------+---------------------+-------+------+
|1     |top                  |       |   320|
|2     |  UUT                |DFF    |     2|
|3     |  \genblk1[10].UUT2  |DFF_0  |     2|
|4     |  \genblk1[11].UUT2  |DFF_1  |     2|
|5     |  \genblk1[12].UUT2  |DFF_2  |     2|
|6     |  \genblk1[13].UUT2  |DFF_3  |     2|
|7     |  \genblk1[14].UUT2  |DFF_4  |     2|
|8     |  \genblk1[15].UUT2  |DFF_5  |     6|
|9     |  \genblk1[16].UUT2  |DFF_6  |    23|
|10    |  \genblk1[17].UUT2  |DFF_7  |     4|
|11    |  \genblk1[18].UUT2  |DFF_8  |     2|
|12    |  \genblk1[19].UUT2  |DFF_9  |     2|
|13    |  \genblk1[1].UUT2   |DFF_10 |     2|
|14    |  \genblk1[20].UUT2  |DFF_11 |     2|
|15    |  \genblk1[21].UUT2  |DFF_12 |     2|
|16    |  \genblk1[22].UUT2  |DFF_13 |     2|
|17    |  \genblk1[23].UUT2  |DFF_14 |     2|
|18    |  \genblk1[24].UUT2  |DFF_15 |     2|
|19    |  \genblk1[25].UUT2  |DFF_16 |     2|
|20    |  \genblk1[26].UUT2  |DFF_17 |     2|
|21    |  \genblk1[27].UUT2  |DFF_18 |     2|
|22    |  \genblk1[2].UUT2   |DFF_19 |     2|
|23    |  \genblk1[3].UUT2   |DFF_20 |     2|
|24    |  \genblk1[4].UUT2   |DFF_21 |     2|
|25    |  \genblk1[5].UUT2   |DFF_22 |     2|
|26    |  \genblk1[6].UUT2   |DFF_23 |     2|
|27    |  \genblk1[7].UUT2   |DFF_24 |     2|
|28    |  \genblk1[8].UUT2   |DFF_25 |     2|
|29    |  \genblk1[9].UUT2   |DFF_26 |     2|
+------+---------------------+-------+------+
---------------------------------------------------------------------------------
Finished Writing Synthesis Report : Time (s): cpu = 00:00:32 ; elapsed = 00:00:36 . Memory (MB): peak = 814.246 ; gain = 529.949
---------------------------------------------------------------------------------
Synthesis finished with 0 errors, 0 critical warnings and 0 warnings.
Synthesis Optimization Runtime : Time (s): cpu = 00:00:10 ; elapsed = 00:00:14 . Memory (MB): peak = 814.246 ; gain = 154.000
Synthesis Optimization Complete : Time (s): cpu = 00:00:32 ; elapsed = 00:00:36 . Memory (MB): peak = 814.246 ; gain = 529.949
INFO: [Project 1-571] Translating synthesized netlist
INFO: [Netlist 29-17] Analyzing 16 Unisim elements for replacement
INFO: [Netlist 29-28] Unisim Transformation completed in 0 CPU seconds
INFO: [Project 1-570] Preparing netlist for logic optimization
INFO: [Opt 31-138] Pushed 0 inverter(s) to 0 load pin(s).
INFO: [Project 1-111] Unisim Transformation Summary:
No Unisim elements were transformed.

INFO: [Common 17-83] Releasing license: Synthesis
18 Infos, 0 Warnings, 0 Critical Warnings and 0 Errors encountered.
synth_design completed successfully
synth_design: Time (s): cpu = 00:00:34 ; elapsed = 00:00:38 . Memory (MB): peak = 826.398 ; gain = 554.613
WARNING: [Constraints 18-5210] No constraint will be written out.
INFO: [Common 17-1381] The checkpoint 'D:/Documents/UET Courses/4th semester/Digital Design/Lab/Lab 8/lab8_viv/lab8_viv.runs/synth_1/lab8.dcp' has been generated.
INFO: [runtcl-4] Executing : report_utilization -file lab8_utilization_synth.rpt -pb lab8_utilization_synth.pb
report_utilization: Time (s): cpu = 00:00:00 ; elapsed = 00:00:00.031 . Memory (MB): peak = 826.398 ; gain = 0.000
INFO: [Common 17-206] Exiting Vivado at Sat Mar 30 10:48:47 2024...
