Copyright 1986-2018 Xilinx, Inc. All Rights Reserved.
-----------------------------------------------------------------------------------------------------------------------------------------------------------------------------------
| Tool Version : Vivado v.2018.2 (win64) Build 2258646 Thu Jun 14 20:03:12 MDT 2018
| Date         : Sat Mar 30 10:50:06 2024
| Host         : DESKTOP-EODFDLH running 64-bit major release  (build 9200)
| Command      : report_timing_summary -max_paths 10 -file lab8_timing_summary_routed.rpt -pb lab8_timing_summary_routed.pb -rpx lab8_timing_summary_routed.rpx -warn_on_violation
| Design       : lab8
| Device       : 7a100t-csg324
| Speed File   : -1  PRODUCTION 1.22 2018-03-21
-----------------------------------------------------------------------------------------------------------------------------------------------------------------------------------

Timing Summary Report

------------------------------------------------------------------------------------------------
| Timer Settings
| --------------
------------------------------------------------------------------------------------------------

  Enable Multi Corner Analysis               :  Yes
  Enable Pessimism Removal                   :  Yes
  Pessimism Removal Resolution               :  Nearest Common Node
  Enable Input Delay Default Clock           :  No
  Enable Preset / Clear Arcs                 :  No
  Disable Flight Delays                      :  No
  Ignore I/O Paths                           :  No
  Timing Early Launch at Borrowing Latches   :  false

  Corner  Analyze    Analyze    
  Name    Max Paths  Min Paths  
  ------  ---------  ---------  
  Slow    Yes        Yes        
  Fast    Yes        Yes        



check_timing report

Table of Contents
-----------------
1. checking no_clock
2. checking constant_clock
3. checking pulse_width_clock
4. checking unconstrained_internal_endpoints
5. checking no_input_delay
6. checking no_output_delay
7. checking multiple_clock
8. checking generated_clocks
9. checking loops
10. checking partial_input_delay
11. checking partial_output_delay
12. checking latch_loops

1. checking no_clock
--------------------
 There is 1 register/latch pin with no clock driven by root clock pin: UUT/Q_reg/Q (HIGH)

 There is 1 register/latch pin with no clock driven by root clock pin: genblk1[10].UUT2/Q_reg/Q (HIGH)

 There is 1 register/latch pin with no clock driven by root clock pin: genblk1[11].UUT2/Q_reg/Q (HIGH)

 There is 1 register/latch pin with no clock driven by root clock pin: genblk1[12].UUT2/Q_reg/Q (HIGH)

 There is 1 register/latch pin with no clock driven by root clock pin: genblk1[13].UUT2/Q_reg/Q (HIGH)

 There is 1 register/latch pin with no clock driven by root clock pin: genblk1[14].UUT2/Q_reg/Q (HIGH)

 There is 1 register/latch pin with no clock driven by root clock pin: genblk1[15].UUT2/Q_reg/Q (HIGH)

 There is 1 register/latch pin with no clock driven by root clock pin: genblk1[16].UUT2/Q_reg/Q (HIGH)

 There is 1 register/latch pin with no clock driven by root clock pin: genblk1[17].UUT2/Q_reg/Q (HIGH)

 There is 1 register/latch pin with no clock driven by root clock pin: genblk1[18].UUT2/Q_reg/Q (HIGH)

 There is 1 register/latch pin with no clock driven by root clock pin: genblk1[19].UUT2/Q_reg/Q (HIGH)

 There is 1 register/latch pin with no clock driven by root clock pin: genblk1[1].UUT2/Q_reg/Q (HIGH)

 There is 1 register/latch pin with no clock driven by root clock pin: genblk1[20].UUT2/Q_reg/Q (HIGH)

 There is 1 register/latch pin with no clock driven by root clock pin: genblk1[21].UUT2/Q_reg/Q (HIGH)

 There is 1 register/latch pin with no clock driven by root clock pin: genblk1[22].UUT2/Q_reg/Q (HIGH)

 There is 1 register/latch pin with no clock driven by root clock pin: genblk1[23].UUT2/Q_reg/Q (HIGH)

 There is 1 register/latch pin with no clock driven by root clock pin: genblk1[24].UUT2/Q_reg/Q (HIGH)

 There is 1 register/latch pin with no clock driven by root clock pin: genblk1[25].UUT2/Q_reg/Q (HIGH)

 There is 1 register/latch pin with no clock driven by root clock pin: genblk1[26].UUT2/Q_reg/Q (HIGH)

 There are 64 register/latch pins with no clock driven by root clock pin: genblk1[27].UUT2/Q_reg/Q (HIGH)

 There is 1 register/latch pin with no clock driven by root clock pin: genblk1[2].UUT2/Q_reg/Q (HIGH)

 There is 1 register/latch pin with no clock driven by root clock pin: genblk1[3].UUT2/Q_reg/Q (HIGH)

 There is 1 register/latch pin with no clock driven by root clock pin: genblk1[4].UUT2/Q_reg/Q (HIGH)

 There is 1 register/latch pin with no clock driven by root clock pin: genblk1[5].UUT2/Q_reg/Q (HIGH)

 There is 1 register/latch pin with no clock driven by root clock pin: genblk1[6].UUT2/Q_reg/Q (HIGH)

 There is 1 register/latch pin with no clock driven by root clock pin: genblk1[7].UUT2/Q_reg/Q (HIGH)

 There is 1 register/latch pin with no clock driven by root clock pin: genblk1[8].UUT2/Q_reg/Q (HIGH)

 There is 1 register/latch pin with no clock driven by root clock pin: genblk1[9].UUT2/Q_reg/Q (HIGH)


2. checking constant_clock
--------------------------
 There are 0 register/latch pins with constant_clock.


3. checking pulse_width_clock
-----------------------------
 There are 0 register/latch pins which need pulse_width check


4. checking unconstrained_internal_endpoints
--------------------------------------------
 There are 118 pins that are not constrained for maximum delay. (HIGH)

 There are 0 pins that are not constrained for maximum delay due to constant clock.


5. checking no_input_delay
--------------------------
 There are 11 input ports with no input delay specified. (HIGH)

 There are 0 input ports with no input delay but user has a false path constraint.


6. checking no_output_delay
---------------------------
 There are 15 ports with no output delay specified. (HIGH)

 There are 0 ports with no output delay but user has a false path constraint

 There are 0 ports with no output delay but with a timing clock defined on it or propagating through it


7. checking multiple_clock
--------------------------
 There are 0 register/latch pins with multiple clocks.


8. checking generated_clocks
----------------------------
 There are 0 generated clocks that are not connected to a clock source.


9. checking loops
-----------------
 There are 0 combinational loops in the design.


10. checking partial_input_delay
--------------------------------
 There are 0 input ports with partial input delay specified.


11. checking partial_output_delay
---------------------------------
 There are 0 ports with partial output delay specified.


12. checking latch_loops
------------------------
 There are 0 combinational latch loops in the design through latch input



------------------------------------------------------------------------------------------------
| Design Timing Summary
| ---------------------
------------------------------------------------------------------------------------------------

    WNS(ns)      TNS(ns)  TNS Failing Endpoints  TNS Total Endpoints      WHS(ns)      THS(ns)  THS Failing Endpoints  THS Total Endpoints     WPWS(ns)     TPWS(ns)  TPWS Failing Endpoints  TPWS Total Endpoints  
    -------      -------  ---------------------  -------------------      -------      -------  ---------------------  -------------------     --------     --------  ----------------------  --------------------  
      8.392        0.000                      0                    1        0.468        0.000                      0                    1        4.500        0.000                       0                    66  


All user specified timing constraints are met.


------------------------------------------------------------------------------------------------
| Clock Summary
| -------------
------------------------------------------------------------------------------------------------

Clock        Waveform(ns)       Period(ns)      Frequency(MHz)
-----        ------------       ----------      --------------
sys_clk_pin  {0.000 5.000}      10.000          100.000         


------------------------------------------------------------------------------------------------
| Intra Clock Table
| -----------------
------------------------------------------------------------------------------------------------

Clock             WNS(ns)      TNS(ns)  TNS Failing Endpoints  TNS Total Endpoints      WHS(ns)      THS(ns)  THS Failing Endpoints  THS Total Endpoints     WPWS(ns)     TPWS(ns)  TPWS Failing Endpoints  TPWS Total Endpoints  
-----             -------      -------  ---------------------  -------------------      -------      -------  ---------------------  -------------------     --------     --------  ----------------------  --------------------  
sys_clk_pin         8.392        0.000                      0                    1        0.468        0.000                      0                    1        4.500        0.000                       0                    66  


------------------------------------------------------------------------------------------------
| Inter Clock Table
| -----------------
------------------------------------------------------------------------------------------------

From Clock    To Clock          WNS(ns)      TNS(ns)  TNS Failing Endpoints  TNS Total Endpoints      WHS(ns)      THS(ns)  THS Failing Endpoints  THS Total Endpoints  
----------    --------          -------      -------  ---------------------  -------------------      -------      -------  ---------------------  -------------------  


------------------------------------------------------------------------------------------------
| Other Path Groups Table
| -----------------------
------------------------------------------------------------------------------------------------

Path Group    From Clock    To Clock          WNS(ns)      TNS(ns)  TNS Failing Endpoints  TNS Total Endpoints      WHS(ns)      THS(ns)  THS Failing Endpoints  THS Total Endpoints  
----------    ----------    --------          -------      -------  ---------------------  -------------------      -------      -------  ---------------------  -------------------  


------------------------------------------------------------------------------------------------
| Timing Details
| --------------
------------------------------------------------------------------------------------------------


---------------------------------------------------------------------------------------------------
From Clock:  sys_clk_pin
  To Clock:  sys_clk_pin

Setup :            0  Failing Endpoints,  Worst Slack        8.392ns,  Total Violation        0.000ns
Hold  :            0  Failing Endpoints,  Worst Slack        0.468ns,  Total Violation        0.000ns
PW    :            0  Failing Endpoints,  Worst Slack        4.500ns,  Total Violation        0.000ns
---------------------------------------------------------------------------------------------------


Max Delay Paths
--------------------------------------------------------------------------------------
Slack (MET) :             8.392ns  (required time - arrival time)
  Source:                 UUT/Q_reg/C
                            (rising edge-triggered cell FDCE clocked by sys_clk_pin  {rise@0.000ns fall@5.000ns period=10.000ns})
  Destination:            UUT/Q_reg/D
                            (rising edge-triggered cell FDCE clocked by sys_clk_pin  {rise@0.000ns fall@5.000ns period=10.000ns})
  Path Group:             sys_clk_pin
  Path Type:              Setup (Max at Slow Process Corner)
  Requirement:            10.000ns  (sys_clk_pin rise@10.000ns - sys_clk_pin rise@0.000ns)
  Data Path Delay:        1.650ns  (logic 0.642ns (38.911%)  route 1.008ns (61.090%))
  Logic Levels:           1  (LUT1=1)
  Clock Path Skew:        0.000ns (DCD - SCD + CPR)
    Destination Clock Delay (DCD):    5.019ns = ( 15.019 - 10.000 ) 
    Source Clock Delay      (SCD):    5.319ns
    Clock Pessimism Removal (CPR):    0.300ns
  Clock Uncertainty:      0.035ns  ((TSJ^2 + TIJ^2)^1/2 + DJ) / 2 + PE
    Total System Jitter     (TSJ):    0.071ns
    Total Input Jitter      (TIJ):    0.000ns
    Discrete Jitter          (DJ):    0.000ns
    Phase Error              (PE):    0.000ns

    Location             Delay type                Incr(ns)  Path(ns)    Netlist Resource(s)
  -------------------------------------------------------------------    -------------------
                         (clock sys_clk_pin rise edge)
                                                      0.000     0.000 r  
    E3                                                0.000     0.000 r  clk (IN)
                         net (fo=0)                   0.000     0.000    clk
    E3                   IBUF (Prop_ibuf_I_O)         1.482     1.482 r  clk_IBUF_inst/O
                         net (fo=1, routed)           2.025     3.506    clk_IBUF
    BUFGCTRL_X0Y16       BUFG (Prop_bufg_I_O)         0.096     3.602 r  clk_IBUF_BUFG_inst/O
                         net (fo=65, routed)          1.716     5.319    UUT/CLK
    SLICE_X6Y83          FDCE                                         r  UUT/Q_reg/C
  -------------------------------------------------------------------    -------------------
    SLICE_X6Y83          FDCE (Prop_fdce_C_Q)         0.518     5.837 f  UUT/Q_reg/Q
                         net (fo=2, routed)           1.008     6.845    UUT/Q
    SLICE_X6Y83          LUT1 (Prop_lut1_I0_O)        0.124     6.969 r  UUT/Q_i_1__2/O
                         net (fo=1, routed)           0.000     6.969    UUT/Q_i_1__2_n_0
    SLICE_X6Y83          FDCE                                         r  UUT/Q_reg/D
  -------------------------------------------------------------------    -------------------

                         (clock sys_clk_pin rise edge)
                                                     10.000    10.000 r  
    E3                                                0.000    10.000 r  clk (IN)
                         net (fo=0)                   0.000    10.000    clk
    E3                   IBUF (Prop_ibuf_I_O)         1.411    11.411 r  clk_IBUF_inst/O
                         net (fo=1, routed)           1.920    13.331    clk_IBUF
    BUFGCTRL_X0Y16       BUFG (Prop_bufg_I_O)         0.091    13.422 r  clk_IBUF_BUFG_inst/O
                         net (fo=65, routed)          1.596    15.019    UUT/CLK
    SLICE_X6Y83          FDCE                                         r  UUT/Q_reg/C
                         clock pessimism              0.300    15.319    
                         clock uncertainty           -0.035    15.283    
    SLICE_X6Y83          FDCE (Setup_fdce_C_D)        0.077    15.360    UUT/Q_reg
  -------------------------------------------------------------------
                         required time                         15.360    
                         arrival time                          -6.969    
  -------------------------------------------------------------------
                         slack                                  8.392    





Min Delay Paths
--------------------------------------------------------------------------------------
Slack (MET) :             0.468ns  (arrival time - required time)
  Source:                 UUT/Q_reg/C
                            (rising edge-triggered cell FDCE clocked by sys_clk_pin  {rise@0.000ns fall@5.000ns period=10.000ns})
  Destination:            UUT/Q_reg/D
                            (rising edge-triggered cell FDCE clocked by sys_clk_pin  {rise@0.000ns fall@5.000ns period=10.000ns})
  Path Group:             sys_clk_pin
  Path Type:              Hold (Min at Fast Process Corner)
  Requirement:            0.000ns  (sys_clk_pin rise@0.000ns - sys_clk_pin rise@0.000ns)
  Data Path Delay:        0.588ns  (logic 0.209ns (35.548%)  route 0.379ns (64.452%))
  Logic Levels:           1  (LUT1=1)
  Clock Path Skew:        0.000ns (DCD - SCD - CPR)
    Destination Clock Delay (DCD):    2.032ns
    Source Clock Delay      (SCD):    1.517ns
    Clock Pessimism Removal (CPR):    0.514ns

    Location             Delay type                Incr(ns)  Path(ns)    Netlist Resource(s)
  -------------------------------------------------------------------    -------------------
                         (clock sys_clk_pin rise edge)
                                                      0.000     0.000 r  
    E3                                                0.000     0.000 r  clk (IN)
                         net (fo=0)                   0.000     0.000    clk
    E3                   IBUF (Prop_ibuf_I_O)         0.250     0.250 r  clk_IBUF_inst/O
                         net (fo=1, routed)           0.644     0.894    clk_IBUF
    BUFGCTRL_X0Y16       BUFG (Prop_bufg_I_O)         0.026     0.920 r  clk_IBUF_BUFG_inst/O
                         net (fo=65, routed)          0.598     1.517    UUT/CLK
    SLICE_X6Y83          FDCE                                         r  UUT/Q_reg/C
  -------------------------------------------------------------------    -------------------
    SLICE_X6Y83          FDCE (Prop_fdce_C_Q)         0.164     1.681 f  UUT/Q_reg/Q
                         net (fo=2, routed)           0.379     2.060    UUT/Q
    SLICE_X6Y83          LUT1 (Prop_lut1_I0_O)        0.045     2.105 r  UUT/Q_i_1__2/O
                         net (fo=1, routed)           0.000     2.105    UUT/Q_i_1__2_n_0
    SLICE_X6Y83          FDCE                                         r  UUT/Q_reg/D
  -------------------------------------------------------------------    -------------------

                         (clock sys_clk_pin rise edge)
                                                      0.000     0.000 r  
    E3                                                0.000     0.000 r  clk (IN)
                         net (fo=0)                   0.000     0.000    clk
    E3                   IBUF (Prop_ibuf_I_O)         0.438     0.438 r  clk_IBUF_inst/O
                         net (fo=1, routed)           0.699     1.136    clk_IBUF
    BUFGCTRL_X0Y16       BUFG (Prop_bufg_I_O)         0.029     1.165 r  clk_IBUF_BUFG_inst/O
                         net (fo=65, routed)          0.867     2.032    UUT/CLK
    SLICE_X6Y83          FDCE                                         r  UUT/Q_reg/C
                         clock pessimism             -0.514     1.517    
    SLICE_X6Y83          FDCE (Hold_fdce_C_D)         0.120     1.637    UUT/Q_reg
  -------------------------------------------------------------------
                         required time                         -1.637    
                         arrival time                           2.105    
  -------------------------------------------------------------------
                         slack                                  0.468    





Pulse Width Checks
--------------------------------------------------------------------------------------
Clock Name:         sys_clk_pin
Waveform(ns):       { 0.000 5.000 }
Period(ns):         10.000
Sources:            { clk }

Check Type        Corner  Lib Pin  Reference Pin  Required(ns)  Actual(ns)  Slack(ns)  Location        Pin
Min Period        n/a     BUFG/I   n/a            2.155         10.000      7.845      BUFGCTRL_X0Y16  clk_IBUF_BUFG_inst/I
Min Period        n/a     FDCE/C   n/a            1.000         10.000      9.000      SLICE_X6Y83     UUT/Q_reg/C
Min Period        n/a     FDPE/C   n/a            1.000         10.000      9.000      SLICE_X4Y88     q0_reg[0]/C
Min Period        n/a     FDPE/C   n/a            1.000         10.000      9.000      SLICE_X4Y88     q0_reg[1]/C
Min Period        n/a     FDPE/C   n/a            1.000         10.000      9.000      SLICE_X4Y88     q0_reg[2]/C
Min Period        n/a     FDPE/C   n/a            1.000         10.000      9.000      SLICE_X4Y88     q0_reg[3]/C
Min Period        n/a     FDPE/C   n/a            1.000         10.000      9.000      SLICE_X10Y87    q10_reg[0]/C
Min Period        n/a     FDPE/C   n/a            1.000         10.000      9.000      SLICE_X10Y86    q10_reg[1]/C
Min Period        n/a     FDPE/C   n/a            1.000         10.000      9.000      SLICE_X10Y87    q10_reg[2]/C
Min Period        n/a     FDPE/C   n/a            1.000         10.000      9.000      SLICE_X10Y87    q10_reg[3]/C
Low Pulse Width   Slow    FDPE/C   n/a            0.500         5.000       4.500      SLICE_X10Y87    q10_reg[0]/C
Low Pulse Width   Slow    FDPE/C   n/a            0.500         5.000       4.500      SLICE_X10Y87    q10_reg[2]/C
Low Pulse Width   Slow    FDPE/C   n/a            0.500         5.000       4.500      SLICE_X10Y87    q10_reg[3]/C
Low Pulse Width   Slow    FDPE/C   n/a            0.500         5.000       4.500      SLICE_X11Y87    q12_reg[0]/C
Low Pulse Width   Slow    FDPE/C   n/a            0.500         5.000       4.500      SLICE_X11Y87    q12_reg[1]/C
Low Pulse Width   Slow    FDPE/C   n/a            0.500         5.000       4.500      SLICE_X11Y87    q12_reg[2]/C
Low Pulse Width   Slow    FDPE/C   n/a            0.500         5.000       4.500      SLICE_X11Y87    q12_reg[3]/C
Low Pulse Width   Fast    FDCE/C   n/a            0.500         5.000       4.500      SLICE_X6Y83     UUT/Q_reg/C
Low Pulse Width   Fast    FDPE/C   n/a            0.500         5.000       4.500      SLICE_X10Y86    q10_reg[1]/C
Low Pulse Width   Fast    FDPE/C   n/a            0.500         5.000       4.500      SLICE_X8Y86     q9_reg[0]/C
High Pulse Width  Slow    FDCE/C   n/a            0.500         5.000       4.500      SLICE_X6Y83     UUT/Q_reg/C
High Pulse Width  Fast    FDCE/C   n/a            0.500         5.000       4.500      SLICE_X6Y83     UUT/Q_reg/C
High Pulse Width  Slow    FDPE/C   n/a            0.500         5.000       4.500      SLICE_X4Y88     q0_reg[0]/C
High Pulse Width  Fast    FDPE/C   n/a            0.500         5.000       4.500      SLICE_X4Y88     q0_reg[0]/C
High Pulse Width  Slow    FDPE/C   n/a            0.500         5.000       4.500      SLICE_X4Y88     q0_reg[1]/C
High Pulse Width  Fast    FDPE/C   n/a            0.500         5.000       4.500      SLICE_X4Y88     q0_reg[1]/C
High Pulse Width  Slow    FDPE/C   n/a            0.500         5.000       4.500      SLICE_X4Y88     q0_reg[2]/C
High Pulse Width  Fast    FDPE/C   n/a            0.500         5.000       4.500      SLICE_X4Y88     q0_reg[2]/C
High Pulse Width  Slow    FDPE/C   n/a            0.500         5.000       4.500      SLICE_X4Y88     q0_reg[3]/C
High Pulse Width  Fast    FDPE/C   n/a            0.500         5.000       4.500      SLICE_X4Y88     q0_reg[3]/C



